d:\files\signed in backup\zweil city\courses\2nd year - semester 1\cie 202, fundamentals of computer programming\project\project main code\c---project\brick-breaker-game\debug\cie202-project.bsc
d:\files\signed in backup\zweil city\courses\2nd year - semester 1\cie 202, fundamentals of computer programming\project\project main code\c---project\brick-breaker-game\debug\vc143.pdb
d:\files\signed in backup\zweil city\courses\2nd year - semester 1\cie 202, fundamentals of computer programming\project\project main code\c---project\brick-breaker-game\debug\vc143.idb
d:\files\signed in backup\zweil city\courses\2nd year - semester 1\cie 202, fundamentals of computer programming\project\project main code\c---project\brick-breaker-game\debug\toolbar.sbr
d:\files\signed in backup\zweil city\courses\2nd year - semester 1\cie 202, fundamentals of computer programming\project\project main code\c---project\brick-breaker-game\debug\paddle.sbr
d:\files\signed in backup\zweil city\courses\2nd year - semester 1\cie 202, fundamentals of computer programming\project\project main code\c---project\brick-breaker-game\debug\main.sbr
d:\files\signed in backup\zweil city\courses\2nd year - semester 1\cie 202, fundamentals of computer programming\project\project main code\c---project\brick-breaker-game\debug\grid.sbr
d:\files\signed in backup\zweil city\courses\2nd year - semester 1\cie 202, fundamentals of computer programming\project\project main code\c---project\brick-breaker-game\debug\game.sbr
d:\files\signed in backup\zweil city\courses\2nd year - semester 1\cie 202, fundamentals of computer programming\project\project main code\c---project\brick-breaker-game\debug\drawable.sbr
d:\files\signed in backup\zweil city\courses\2nd year - semester 1\cie 202, fundamentals of computer programming\project\project main code\c---project\brick-breaker-game\debug\collidable.sbr
d:\files\signed in backup\zweil city\courses\2nd year - semester 1\cie 202, fundamentals of computer programming\project\project main code\c---project\brick-breaker-game\debug\collectable.sbr
d:\files\signed in backup\zweil city\courses\2nd year - semester 1\cie 202, fundamentals of computer programming\project\project main code\c---project\brick-breaker-game\debug\windowinput.sbr
d:\files\signed in backup\zweil city\courses\2nd year - semester 1\cie 202, fundamentals of computer programming\project\project main code\c---project\brick-breaker-game\debug\mousequeue.sbr
d:\files\signed in backup\zweil city\courses\2nd year - semester 1\cie 202, fundamentals of computer programming\project\project main code\c---project\brick-breaker-game\debug\keyqueue.sbr
d:\files\signed in backup\zweil city\courses\2nd year - semester 1\cie 202, fundamentals of computer programming\project\project main code\c---project\brick-breaker-game\debug\image.sbr
d:\files\signed in backup\zweil city\courses\2nd year - semester 1\cie 202, fundamentals of computer programming\project\project main code\c---project\brick-breaker-game\debug\cmugraphics.sbr
d:\files\signed in backup\zweil city\courses\2nd year - semester 1\cie 202, fundamentals of computer programming\project\project main code\c---project\brick-breaker-game\debug\auxil.sbr
d:\files\signed in backup\zweil city\courses\2nd year - semester 1\cie 202, fundamentals of computer programming\project\project main code\c---project\brick-breaker-game\debug\bricks.sbr
d:\files\signed in backup\zweil city\courses\2nd year - semester 1\cie 202, fundamentals of computer programming\project\project main code\c---project\brick-breaker-game\debug\ball.sbr
d:\files\signed in backup\zweil city\courses\2nd year - semester 1\cie 202, fundamentals of computer programming\project\project main code\c---project\brick-breaker-game\debug\ball.obj
d:\files\signed in backup\zweil city\courses\2nd year - semester 1\cie 202, fundamentals of computer programming\project\project main code\c---project\brick-breaker-game\debug\bricks.obj
d:\files\signed in backup\zweil city\courses\2nd year - semester 1\cie 202, fundamentals of computer programming\project\project main code\c---project\brick-breaker-game\debug\auxil.obj
d:\files\signed in backup\zweil city\courses\2nd year - semester 1\cie 202, fundamentals of computer programming\project\project main code\c---project\brick-breaker-game\debug\cmugraphics.obj
d:\files\signed in backup\zweil city\courses\2nd year - semester 1\cie 202, fundamentals of computer programming\project\project main code\c---project\brick-breaker-game\debug\image.obj
d:\files\signed in backup\zweil city\courses\2nd year - semester 1\cie 202, fundamentals of computer programming\project\project main code\c---project\brick-breaker-game\debug\keyqueue.obj
d:\files\signed in backup\zweil city\courses\2nd year - semester 1\cie 202, fundamentals of computer programming\project\project main code\c---project\brick-breaker-game\debug\mousequeue.obj
d:\files\signed in backup\zweil city\courses\2nd year - semester 1\cie 202, fundamentals of computer programming\project\project main code\c---project\brick-breaker-game\debug\windowinput.obj
d:\files\signed in backup\zweil city\courses\2nd year - semester 1\cie 202, fundamentals of computer programming\project\project main code\c---project\brick-breaker-game\debug\collectable.obj
d:\files\signed in backup\zweil city\courses\2nd year - semester 1\cie 202, fundamentals of computer programming\project\project main code\c---project\brick-breaker-game\debug\collidable.obj
d:\files\signed in backup\zweil city\courses\2nd year - semester 1\cie 202, fundamentals of computer programming\project\project main code\c---project\brick-breaker-game\debug\drawable.obj
d:\files\signed in backup\zweil city\courses\2nd year - semester 1\cie 202, fundamentals of computer programming\project\project main code\c---project\brick-breaker-game\debug\game.obj
d:\files\signed in backup\zweil city\courses\2nd year - semester 1\cie 202, fundamentals of computer programming\project\project main code\c---project\brick-breaker-game\debug\grid.obj
d:\files\signed in backup\zweil city\courses\2nd year - semester 1\cie 202, fundamentals of computer programming\project\project main code\c---project\brick-breaker-game\debug\main.obj
d:\files\signed in backup\zweil city\courses\2nd year - semester 1\cie 202, fundamentals of computer programming\project\project main code\c---project\brick-breaker-game\debug\paddle.obj
d:\files\signed in backup\zweil city\courses\2nd year - semester 1\cie 202, fundamentals of computer programming\project\project main code\c---project\brick-breaker-game\debug\toolbar.obj
d:\files\signed in backup\zweil city\courses\2nd year - semester 1\cie 202, fundamentals of computer programming\project\project main code\c---project\brick-breaker-game\debug\jutils.sbr
d:\files\signed in backup\zweil city\courses\2nd year - semester 1\cie 202, fundamentals of computer programming\project\project main code\c---project\brick-breaker-game\debug\jquant2.sbr
d:\files\signed in backup\zweil city\courses\2nd year - semester 1\cie 202, fundamentals of computer programming\project\project main code\c---project\brick-breaker-game\debug\jquant1.sbr
d:\files\signed in backup\zweil city\courses\2nd year - semester 1\cie 202, fundamentals of computer programming\project\project main code\c---project\brick-breaker-game\debug\jmemnobs.sbr
d:\files\signed in backup\zweil city\courses\2nd year - semester 1\cie 202, fundamentals of computer programming\project\project main code\c---project\brick-breaker-game\debug\jmemmgr.sbr
d:\files\signed in backup\zweil city\courses\2nd year - semester 1\cie 202, fundamentals of computer programming\project\project main code\c---project\brick-breaker-game\debug\jidctred.sbr
d:\files\signed in backup\zweil city\courses\2nd year - semester 1\cie 202, fundamentals of computer programming\project\project main code\c---project\brick-breaker-game\debug\jidctint.sbr
d:\files\signed in backup\zweil city\courses\2nd year - semester 1\cie 202, fundamentals of computer programming\project\project main code\c---project\brick-breaker-game\debug\jidctfst.sbr
d:\files\signed in backup\zweil city\courses\2nd year - semester 1\cie 202, fundamentals of computer programming\project\project main code\c---project\brick-breaker-game\debug\jidctflt.sbr
d:\files\signed in backup\zweil city\courses\2nd year - semester 1\cie 202, fundamentals of computer programming\project\project main code\c---project\brick-breaker-game\debug\jerror.sbr
d:\files\signed in backup\zweil city\courses\2nd year - semester 1\cie 202, fundamentals of computer programming\project\project main code\c---project\brick-breaker-game\debug\jdtrans.sbr
d:\files\signed in backup\zweil city\courses\2nd year - semester 1\cie 202, fundamentals of computer programming\project\project main code\c---project\brick-breaker-game\debug\jdsample.sbr
d:\files\signed in backup\zweil city\courses\2nd year - semester 1\cie 202, fundamentals of computer programming\project\project main code\c---project\brick-breaker-game\debug\jdpostct.sbr
d:\files\signed in backup\zweil city\courses\2nd year - semester 1\cie 202, fundamentals of computer programming\project\project main code\c---project\brick-breaker-game\debug\jdphuff.sbr
d:\files\signed in backup\zweil city\courses\2nd year - semester 1\cie 202, fundamentals of computer programming\project\project main code\c---project\brick-breaker-game\debug\jdmerge.sbr
d:\files\signed in backup\zweil city\courses\2nd year - semester 1\cie 202, fundamentals of computer programming\project\project main code\c---project\brick-breaker-game\debug\jdmaster.sbr
d:\files\signed in backup\zweil city\courses\2nd year - semester 1\cie 202, fundamentals of computer programming\project\project main code\c---project\brick-breaker-game\debug\jdmarker.sbr
d:\files\signed in backup\zweil city\courses\2nd year - semester 1\cie 202, fundamentals of computer programming\project\project main code\c---project\brick-breaker-game\debug\jdmainct.sbr
d:\files\signed in backup\zweil city\courses\2nd year - semester 1\cie 202, fundamentals of computer programming\project\project main code\c---project\brick-breaker-game\debug\jdinput.sbr
d:\files\signed in backup\zweil city\courses\2nd year - semester 1\cie 202, fundamentals of computer programming\project\project main code\c---project\brick-breaker-game\debug\jdhuff.sbr
d:\files\signed in backup\zweil city\courses\2nd year - semester 1\cie 202, fundamentals of computer programming\project\project main code\c---project\brick-breaker-game\debug\jdhuff.obj
d:\files\signed in backup\zweil city\courses\2nd year - semester 1\cie 202, fundamentals of computer programming\project\project main code\c---project\brick-breaker-game\debug\jdinput.obj
d:\files\signed in backup\zweil city\courses\2nd year - semester 1\cie 202, fundamentals of computer programming\project\project main code\c---project\brick-breaker-game\debug\jdmainct.obj
d:\files\signed in backup\zweil city\courses\2nd year - semester 1\cie 202, fundamentals of computer programming\project\project main code\c---project\brick-breaker-game\debug\jdmarker.obj
d:\files\signed in backup\zweil city\courses\2nd year - semester 1\cie 202, fundamentals of computer programming\project\project main code\c---project\brick-breaker-game\debug\jdmaster.obj
d:\files\signed in backup\zweil city\courses\2nd year - semester 1\cie 202, fundamentals of computer programming\project\project main code\c---project\brick-breaker-game\debug\jdmerge.obj
d:\files\signed in backup\zweil city\courses\2nd year - semester 1\cie 202, fundamentals of computer programming\project\project main code\c---project\brick-breaker-game\debug\jdphuff.obj
d:\files\signed in backup\zweil city\courses\2nd year - semester 1\cie 202, fundamentals of computer programming\project\project main code\c---project\brick-breaker-game\debug\jdpostct.obj
d:\files\signed in backup\zweil city\courses\2nd year - semester 1\cie 202, fundamentals of computer programming\project\project main code\c---project\brick-breaker-game\debug\jdsample.obj
d:\files\signed in backup\zweil city\courses\2nd year - semester 1\cie 202, fundamentals of computer programming\project\project main code\c---project\brick-breaker-game\debug\jdtrans.obj
d:\files\signed in backup\zweil city\courses\2nd year - semester 1\cie 202, fundamentals of computer programming\project\project main code\c---project\brick-breaker-game\debug\jerror.obj
d:\files\signed in backup\zweil city\courses\2nd year - semester 1\cie 202, fundamentals of computer programming\project\project main code\c---project\brick-breaker-game\debug\jidctflt.obj
d:\files\signed in backup\zweil city\courses\2nd year - semester 1\cie 202, fundamentals of computer programming\project\project main code\c---project\brick-breaker-game\debug\jidctfst.obj
d:\files\signed in backup\zweil city\courses\2nd year - semester 1\cie 202, fundamentals of computer programming\project\project main code\c---project\brick-breaker-game\debug\jidctint.obj
d:\files\signed in backup\zweil city\courses\2nd year - semester 1\cie 202, fundamentals of computer programming\project\project main code\c---project\brick-breaker-game\debug\jidctred.obj
d:\files\signed in backup\zweil city\courses\2nd year - semester 1\cie 202, fundamentals of computer programming\project\project main code\c---project\brick-breaker-game\debug\jmemmgr.obj
d:\files\signed in backup\zweil city\courses\2nd year - semester 1\cie 202, fundamentals of computer programming\project\project main code\c---project\brick-breaker-game\debug\jmemnobs.obj
d:\files\signed in backup\zweil city\courses\2nd year - semester 1\cie 202, fundamentals of computer programming\project\project main code\c---project\brick-breaker-game\debug\jquant1.obj
d:\files\signed in backup\zweil city\courses\2nd year - semester 1\cie 202, fundamentals of computer programming\project\project main code\c---project\brick-breaker-game\debug\jquant2.obj
d:\files\signed in backup\zweil city\courses\2nd year - semester 1\cie 202, fundamentals of computer programming\project\project main code\c---project\brick-breaker-game\debug\jutils.obj
d:\files\signed in backup\zweil city\courses\2nd year - semester 1\cie 202, fundamentals of computer programming\project\project main code\c---project\brick-breaker-game\debug\jddctmgr.sbr
d:\files\signed in backup\zweil city\courses\2nd year - semester 1\cie 202, fundamentals of computer programming\project\project main code\c---project\brick-breaker-game\debug\jdcolor.sbr
d:\files\signed in backup\zweil city\courses\2nd year - semester 1\cie 202, fundamentals of computer programming\project\project main code\c---project\brick-breaker-game\debug\jdcoefct.sbr
d:\files\signed in backup\zweil city\courses\2nd year - semester 1\cie 202, fundamentals of computer programming\project\project main code\c---project\brick-breaker-game\debug\jdatasrc.sbr
d:\files\signed in backup\zweil city\courses\2nd year - semester 1\cie 202, fundamentals of computer programming\project\project main code\c---project\brick-breaker-game\debug\jdapistd.sbr
d:\files\signed in backup\zweil city\courses\2nd year - semester 1\cie 202, fundamentals of computer programming\project\project main code\c---project\brick-breaker-game\debug\jdapimin.sbr
d:\files\signed in backup\zweil city\courses\2nd year - semester 1\cie 202, fundamentals of computer programming\project\project main code\c---project\brick-breaker-game\debug\jcparam.sbr
d:\files\signed in backup\zweil city\courses\2nd year - semester 1\cie 202, fundamentals of computer programming\project\project main code\c---project\brick-breaker-game\debug\jcomapi.sbr
d:\files\signed in backup\zweil city\courses\2nd year - semester 1\cie 202, fundamentals of computer programming\project\project main code\c---project\brick-breaker-game\debug\jpegload.sbr
d:\files\signed in backup\zweil city\courses\2nd year - semester 1\cie 202, fundamentals of computer programming\project\project main code\c---project\brick-breaker-game\debug\jpegload.obj
d:\files\signed in backup\zweil city\courses\2nd year - semester 1\cie 202, fundamentals of computer programming\project\project main code\c---project\brick-breaker-game\debug\jcomapi.obj
d:\files\signed in backup\zweil city\courses\2nd year - semester 1\cie 202, fundamentals of computer programming\project\project main code\c---project\brick-breaker-game\debug\jcparam.obj
d:\files\signed in backup\zweil city\courses\2nd year - semester 1\cie 202, fundamentals of computer programming\project\project main code\c---project\brick-breaker-game\debug\jdapimin.obj
d:\files\signed in backup\zweil city\courses\2nd year - semester 1\cie 202, fundamentals of computer programming\project\project main code\c---project\brick-breaker-game\debug\jdapistd.obj
d:\files\signed in backup\zweil city\courses\2nd year - semester 1\cie 202, fundamentals of computer programming\project\project main code\c---project\brick-breaker-game\debug\jdatasrc.obj
d:\files\signed in backup\zweil city\courses\2nd year - semester 1\cie 202, fundamentals of computer programming\project\project main code\c---project\brick-breaker-game\debug\jdcoefct.obj
d:\files\signed in backup\zweil city\courses\2nd year - semester 1\cie 202, fundamentals of computer programming\project\project main code\c---project\brick-breaker-game\debug\jdcolor.obj
d:\files\signed in backup\zweil city\courses\2nd year - semester 1\cie 202, fundamentals of computer programming\project\project main code\c---project\brick-breaker-game\debug\jddctmgr.obj
d:\files\signed in backup\zweil city\courses\2nd year - semester 1\cie 202, fundamentals of computer programming\project\project main code\c---project\brick-breaker-game\debug\cie202-project.exe
d:\files\signed in backup\zweil city\courses\2nd year - semester 1\cie 202, fundamentals of computer programming\project\project main code\c---project\brick-breaker-game\debug\cie202-project.ilk
d:\files\signed in backup\zweil city\courses\2nd year - semester 1\cie 202, fundamentals of computer programming\project\project main code\c---project\brick-breaker-game\debug\cie202-project.pdb
d:\files\signed in backup\zweil city\courses\2nd year - semester 1\cie 202, fundamentals of computer programming\project\project main code\c---project\brick-breaker-game\debug\cie202-project.tlog\bscmake.command.1.tlog
d:\files\signed in backup\zweil city\courses\2nd year - semester 1\cie 202, fundamentals of computer programming\project\project main code\c---project\brick-breaker-game\debug\cie202-project.tlog\bscmake.read.1.tlog
d:\files\signed in backup\zweil city\courses\2nd year - semester 1\cie 202, fundamentals of computer programming\project\project main code\c---project\brick-breaker-game\debug\cie202-project.tlog\bscmake.write.1.tlog
d:\files\signed in backup\zweil city\courses\2nd year - semester 1\cie 202, fundamentals of computer programming\project\project main code\c---project\brick-breaker-game\debug\cie202-project.tlog\cl.command.1.tlog
d:\files\signed in backup\zweil city\courses\2nd year - semester 1\cie 202, fundamentals of computer programming\project\project main code\c---project\brick-breaker-game\debug\cie202-project.tlog\cl.items.tlog
d:\files\signed in backup\zweil city\courses\2nd year - semester 1\cie 202, fundamentals of computer programming\project\project main code\c---project\brick-breaker-game\debug\cie202-project.tlog\cl.read.1.tlog
d:\files\signed in backup\zweil city\courses\2nd year - semester 1\cie 202, fundamentals of computer programming\project\project main code\c---project\brick-breaker-game\debug\cie202-project.tlog\cl.write.1.tlog
d:\files\signed in backup\zweil city\courses\2nd year - semester 1\cie 202, fundamentals of computer programming\project\project main code\c---project\brick-breaker-game\debug\cie202-project.tlog\link.command.1.tlog
d:\files\signed in backup\zweil city\courses\2nd year - semester 1\cie 202, fundamentals of computer programming\project\project main code\c---project\brick-breaker-game\debug\cie202-project.tlog\link.read.1.tlog
d:\files\signed in backup\zweil city\courses\2nd year - semester 1\cie 202, fundamentals of computer programming\project\project main code\c---project\brick-breaker-game\debug\cie202-project.tlog\link.write.1.tlog
